<?xml version="1.0" encoding="UTF-8"?>
<!-- Generated by org.testng.reporters.JUnitReportReporter -->
<testsuite hostname="LAPTOP-UGSPNS2Q" failures="0" tests="2" name="DEmo.Program1" time="75.500" errors="0" timestamp="2021-06-03T18:24:55 IST" skipped="0">
  <testcase classname="DEmo.Program1" name="login" time="39.192"/>
  <system-out/>
  <testcase classname="DEmo.Program1" name="homepage" time="36.308"/>
  <system-out/>
</testsuite> <!-- DEmo.Program1 -->
